<?xml version="1.0" encoding="UTF-8"?>
<testng-results ignored="0" total="1" passed="1" failed="0" skipped="0">
  <reporter-output>
  </reporter-output>
  <suite started-at="2024-03-06T11:42:01 IST" name="Default suite" finished-at="2024-03-06T11:42:31 IST" duration-ms="29994">
    <groups>
      <group name="cucumber">
        <method signature="AbstractTestNGCucumberTests.runScenario(io.cucumber.testng.PickleWrapper,io.cucumber.testng.FeatureWrapper)[pri:0, instance:testRunner.TestngTestRunner@117e949d]" name="runScenario" class="io.cucumber.testng.AbstractTestNGCucumberTests"/>
      </group> <!-- cucumber -->
    </groups>
    <test started-at="2024-03-06T11:42:01 IST" name="Default test" finished-at="2024-03-06T11:42:31 IST" duration-ms="29994">
      <class name="testRunner.TestngTestRunner">
        <test-method is-config="true" signature="setUpClass(org.testng.ITestContext)[pri:0, instance:testRunner.TestngTestRunner@117e949d]" started-at="2024-03-06T11:42:01 IST" name="setUpClass" finished-at="2024-03-06T11:42:02 IST" duration-ms="685" status="PASS">
          <params>
            <param index="0">
              <value>
                <![CDATA[org.testng.TestRunner@2df3545d]]>
              </value>
            </param>
          </params>
          <reporter-output>
          </reporter-output>
        </test-method> <!-- setUpClass -->
        <test-method signature="runScenario(io.cucumber.testng.PickleWrapper,io.cucumber.testng.FeatureWrapper)[pri:0, instance:testRunner.TestngTestRunner@117e949d]" started-at="2024-03-06T11:42:02 IST" name="runScenario" description="Runs Cucumber Scenarios" data-provider="scenarios" finished-at="2024-03-06T11:42:31 IST" duration-ms="28786" status="PASS">
          <params>
            <param index="0">
              <value>
                <![CDATA["User want to edit customer records from project info"]]>
              </value>
            </param>
            <param index="1">
              <value>
                <![CDATA["Timesheet"]]>
              </value>
            </param>
          </params>
          <reporter-output>
          </reporter-output>
        </test-method> <!-- runScenario -->
        <test-method is-config="true" signature="tearDownClass()[pri:0, instance:testRunner.TestngTestRunner@117e949d]" started-at="2024-03-06T11:42:31 IST" name="tearDownClass" finished-at="2024-03-06T11:42:31 IST" duration-ms="484" status="PASS">
          <reporter-output>
          </reporter-output>
        </test-method> <!-- tearDownClass -->
      </class> <!-- testRunner.TestngTestRunner -->
    </test> <!-- Default test -->
  </suite> <!-- Default suite -->
</testng-results>
